c:\users\tomek\c++\kalkulatorwalutowygraficzny\kalkulatorwalutowygraficzny\debug\vc120.pdb
c:\users\tomek\c++\kalkulatorwalutowygraficzny\kalkulatorwalutowygraficzny\debug\.netframework,version=v4.5.assemblyattributes.obj
c:\users\tomek\c++\kalkulatorwalutowygraficzny\kalkulatorwalutowygraficzny\debug\date.obj
c:\users\tomek\c++\kalkulatorwalutowygraficzny\kalkulatorwalutowygraficzny\debug\myform.obj
c:\users\tomek\c++\kalkulatorwalutowygraficzny\kalkulatorwalutowygraficzny\debug\file.obj
c:\users\tomek\c++\kalkulatorwalutowygraficzny\kalkulatorwalutowygraficzny\debug\currency.obj
c:\users\tomek\c++\kalkulatorwalutowygraficzny\kalkulatorwalutowygraficzny\debug\kalkulatorwalutowygraficzny.myform.resources
c:\users\tomek\c++\kalkulatorwalutowygraficzny\kalkulatorwalutowygraficzny\debug\kalkulatorwalutowygraficzny.vcxproj.generateresource.cache
c:\users\tomek\c++\kalkulatorwalutowygraficzny\kalkulatorwalutowygraficzny\debug\kalkulatorwalutowygraficzny.vcxprojresolveassemblyreference.cache
c:\users\tomek\c++\kalkulatorwalutowygraficzny\debug\kalkulatorwalutowygraficzny.pdb
c:\users\tomek\c++\kalkulatorwalutowygraficzny\kalkulatorwalutowygraficzny\debug\kalkulat.f4f8abad.tlog\cl.command.1.tlog
c:\users\tomek\c++\kalkulatorwalutowygraficzny\kalkulatorwalutowygraficzny\debug\kalkulat.f4f8abad.tlog\cl.read.1.tlog
c:\users\tomek\c++\kalkulatorwalutowygraficzny\kalkulatorwalutowygraficzny\debug\kalkulat.f4f8abad.tlog\cl.write.1.tlog
c:\users\tomek\c++\kalkulatorwalutowygraficzny\kalkulatorwalutowygraficzny\debug\kalkulat.f4f8abad.tlog\kalkulatorwalutowygraficzny.write.1u.tlog
c:\users\tomek\c++\kalkulatorwalutowygraficzny\kalkulatorwalutowygraficzny\debug\kalkulat.f4f8abad.tlog\link.5740-cvtres.read.1.tlog
c:\users\tomek\c++\kalkulatorwalutowygraficzny\kalkulatorwalutowygraficzny\debug\kalkulat.f4f8abad.tlog\link.5740-cvtres.write.1.tlog
c:\users\tomek\c++\kalkulatorwalutowygraficzny\kalkulatorwalutowygraficzny\debug\kalkulat.f4f8abad.tlog\link.5740-rc.read.1.tlog
c:\users\tomek\c++\kalkulatorwalutowygraficzny\kalkulatorwalutowygraficzny\debug\kalkulat.f4f8abad.tlog\link.5740-rc.write.1.tlog
c:\users\tomek\c++\kalkulatorwalutowygraficzny\kalkulatorwalutowygraficzny\debug\kalkulat.f4f8abad.tlog\link.5740.read.1.tlog
c:\users\tomek\c++\kalkulatorwalutowygraficzny\kalkulatorwalutowygraficzny\debug\kalkulat.f4f8abad.tlog\link.5740.write.1.tlog
c:\users\tomek\c++\kalkulatorwalutowygraficzny\kalkulatorwalutowygraficzny\debug\kalkulat.f4f8abad.tlog\link.command.1.tlog
c:\users\tomek\c++\kalkulatorwalutowygraficzny\kalkulatorwalutowygraficzny\debug\kalkulat.f4f8abad.tlog\link.read.1.tlog
c:\users\tomek\c++\kalkulatorwalutowygraficzny\kalkulatorwalutowygraficzny\debug\kalkulat.f4f8abad.tlog\link.write.1.tlog
c:\users\tomek\c++\kalkulatorwalutowygraficzny\kalkulatorwalutowygraficzny\debug\kalkulat.f4f8abad.tlog\metagen.read.1.tlog
c:\users\tomek\c++\kalkulatorwalutowygraficzny\kalkulatorwalutowygraficzny\debug\kalkulat.f4f8abad.tlog\metagen.write.1.tlog
c:\users\tomek\c++\kalkulatorwalutowygraficzny\kalkulatorwalutowygraficzny\debug\kalkulat.f4f8abad.tlog\rsaenh.dll.bi
c:\users\tomek\c++\kalkulatorwalutowygraficzny\kalkulatorwalutowygraficzny\debug\kalkulat.f4f8abad.tlog\tzres.dll.bi
