Build started 2015-01-15 01:21:31.
     1>Project "C:\Users\Tomek\C++\KalkulatorWalutowyGraficzny\KalkulatorWalutowyGraficzny\KalkulatorWalutowyGraficzny.vcxproj" on node 2 (Build target(s)).
     1>ClCompile:
         C:\Program Files (x86)\Microsoft Visual Studio 12.0\VC\bin\CL.exe /c /AI"C:\Program Files (x86)\Reference Assemblies\Microsoft\Framework\.NETFramework\v4.5\\" /AI"C:\Program Files (x86)\Windows Kits\8.1\References\CommonConfiguration\Neutral" /AI"C:\Program Files (x86)\Reference Assemblies\Microsoft\Framework\.NETFramework\v4.5\Facades\\" /Zi /clr /nologo /W3 /WX- /Od /Oy- /D WIN32 /D _DEBUG /D _UNICODE /D UNICODE /EHa /MDd /GS /fp:precise /Zc:wchar_t /Zc:forScope /Fo"Debug\\" /Fd"Debug\vc120.pdb" /TP /FU"C:\Program Files (x86)\Reference Assemblies\Microsoft\Framework\.NETFramework\v4.5\mscorlib.dll" /FU"C:\Program Files (x86)\Reference Assemblies\Microsoft\Framework\.NETFramework\v4.5\System.Data.dll" /FU"C:\Program Files (x86)\Reference Assemblies\Microsoft\Framework\.NETFramework\v4.5\System.dll" /FU"C:\Program Files (x86)\Reference Assemblies\Microsoft\Framework\.NETFramework\v4.5\System.Drawing.dll" /FU"C:\Program Files (x86)\Reference Assemblies\Microsoft\Framework\.NETFramework\v4.5\System.Windows.Forms.dll" /FU"C:\Program Files (x86)\Reference Assemblies\Microsoft\Framework\.NETFramework\v4.5\System.Xml.dll" /analyze- /errorReport:prompt /clr:nostdlib File.cpp MyForm.cpp
         File.cpp
         MyForm.cpp
     1>c:\users\tomek\c++\kalkulatorwalutowygraficzny\kalkulatorwalutowygraficzny\MyForm.h(527): warning C4244: 'argument' : conversion from 'double' to 'float', possible loss of data
     1>c:\users\tomek\c++\kalkulatorwalutowygraficzny\kalkulatorwalutowygraficzny\MyForm.h(532): warning C4244: 'argument' : conversion from 'double' to 'float', possible loss of data
     1>c:\users\tomek\c++\kalkulatorwalutowygraficzny\kalkulatorwalutowygraficzny\MyForm.h(537): warning C4244: 'argument' : conversion from 'double' to 'float', possible loss of data
     1>c:\users\tomek\c++\kalkulatorwalutowygraficzny\kalkulatorwalutowygraficzny\MyForm.h(604): warning C4244: 'argument' : conversion from 'double' to 'float', possible loss of data
     1>MyForm.cpp(7): warning C4829: Possibly incorrect parameters to function main. Consider 'int main(Platform::Array<Platform::String^>^ argv)'
         Generating Code...
     1>c:\users\tomek\c++\kalkulatorwalutowygraficzny\kalkulatorwalutowygraficzny\file.cpp(45): warning C4715: 'wartoscKursu' : not all control paths return a value
     1>c:\users\tomek\c++\kalkulatorwalutowygraficzny\kalkulatorwalutowygraficzny\file.cpp(66): warning C4715: 'getWaluty' : not all control paths return a value
     1>c:\users\tomek\c++\kalkulatorwalutowygraficzny\kalkulatorwalutowygraficzny\file.cpp(79): warning C4715: 'getKodyWalut' : not all control paths return a value
       Link:
         C:\Program Files (x86)\Microsoft Visual Studio 12.0\VC\bin\link.exe /ERRORREPORT:PROMPT /OUT:"C:\Users\Tomek\C++\KalkulatorWalutowyGraficzny\Debug\KalkulatorWalutowyGraficzny.exe" /INCREMENTAL /NOLOGO /ASSEMBLYRESOURCE:Debug\KalkulatorWalutowyGraficzny.MyForm.resources /MANIFEST /MANIFESTUAC:"level='asInvoker' uiAccess='false'" /manifest:embed /DEBUG /PDB:"C:\Users\Tomek\C++\KalkulatorWalutowyGraficzny\Debug\KalkulatorWalutowyGraficzny.pdb" /ASSEMBLYDEBUG /SUBSYSTEM:WINDOWS /TLBID:1 /ENTRY:"main" /DYNAMICBASE /FIXED:NO /NXCOMPAT /MACHINE:X86 Debug\Currency.obj
         Debug\Date.obj
         Debug\File.obj
         Debug\MyForm.obj
         "Debug\.NETFramework,Version=v4.5.AssemblyAttributes.obj"
         KalkulatorWalutowyGraficzny.vcxproj -> C:\Users\Tomek\C++\KalkulatorWalutowyGraficzny\Debug\KalkulatorWalutowyGraficzny.exe
     1>Done Building Project "C:\Users\Tomek\C++\KalkulatorWalutowyGraficzny\KalkulatorWalutowyGraficzny\KalkulatorWalutowyGraficzny.vcxproj" (Build target(s)).

Build succeeded.

Time Elapsed 00:00:02.74
